Building Linear Regression model
Saving the Linear Regression model
Building DecisionTreeRegressor model
Saving the DecisionTreeRegressor model
Saving the RandomSearch_RandomForest_Model
Final model obtained using grid_search.best_estimator_
Saving the final model
Building Linear Regression model
Saving the Linear Regression model
Building DecisionTreeRegressor model
Saving the DecisionTreeRegressor model
Saving the RandomSearch_RandomForest_Model
Final model obtained using grid_search.best_estimator_
Saving the final model
Building Linear Regression model
Saving the Linear Regression model
Building DecisionTreeRegressor model
Saving the DecisionTreeRegressor model
Saving the RandomSearch_RandomForest_Model
Final model obtained using grid_search.best_estimator_
Saving the final model
